<?xml version="1.0" encoding="UTF-8"?>
<!-- Generated by org.testng.reporters.JUnitReportReporter -->
<testsuite skipped="0" hostname="LAPTOP-PQ3FNAT6" name="com.testrunner.TestRunner" tests="1" failures="0" timestamp="14 Mar 2020 18:03:40 GMT" time="46.569" errors="0">
  <testcase name="feature" time="46.569" classname="com.testrunner.TestRunner"/>
</testsuite> <!-- com.testrunner.TestRunner -->
